2025-02-26 11:13:16 tel: '/contact-center/vilnius/tel/?key=val&ani=+37068460511&type=newcall&curator_id=e.mazrimaite'
2025-02-26 11:13:16 tel: ' 37068460511'
2025-02-26 11:14:12 tel: '/contact-center/vilnius/tel/?key=val&ani=+37068460511&type=newcall&curator_id=e.mazrimaite'
2025-02-26 11:14:12 tel: ' 37068460511'
2025-02-26 11:15:26 tel: '/contact-center/vilnius/tel/?type=endcall&+37068460511'
2025-02-26 11:23:23 tel: '/contact-center/vilnius/tel/?key=val&ani=+37068460511&type=newcall&curator_id=e.mazrimaite'
2025-02-26 11:23:23 tel: ' 37068460511'
2025-02-26 11:23:43 tel: '/contact-center/vilnius/tel/?key=val&ani=+37068460511&type=newcall&curator_id=e.mazrimaite'
2025-02-26 11:23:43 tel: ' 37068460511'
2025-03-27 17:50:52 tel: '/contact-center/vilnius/tel/?key=val&ani=+37067573119&type=newcall&curator_id=y.varslavan'
2025-03-27 17:50:52 tel: ' 37067573119'
2025-03-27 17:55:27 tel: '/contact-center/vilnius/tel/?key=val&ani=+37067573119&type=newcall&curator_id=y.varslavan'
2025-03-27 17:55:27 tel: ' 37067573119'
2025-03-27 18:03:33 tel: '/contact-center/vilnius/tel/?key=val&ani=+37067573119&type=newcall&curator_id=y.varslavan'
2025-03-27 18:03:33 tel: ' 37067573119'
2025-03-27 18:06:27 tel: '/contact-center/vilnius/tel/?key=val&ani=+37067573119&type=newcall&curator_id=y.varslavan'
2025-03-27 18:06:27 tel: ' 37067573119'
2025-03-27 18:14:50 tel: '/contact-center/vilnius/tel/?key=val&ani=+37067573119&type=newcall&curator_id=y.varslavan'
2025-03-27 18:14:50 tel: ' 37067573119'
2025-03-27 18:19:31 tel: '/contact-center/vilnius/tel/?key=val&ani=+37067573119&type=newcall&curator_id=y.varslavan'
2025-03-27 18:19:31 tel: ' 37067573119'
2025-03-27 18:24:19 tel: '/contact-center/vilnius/tel/?key=val&ani=+37067573119&type=newcall&curator_id=y.varslavan'
2025-03-27 18:24:19 tel: ' 37067573119'
2025-03-27 18:28:09 tel: '/contact-center/vilnius/tel/?key=val&ani=+37067573119&type=newcall&curator_id=y.varslavan'
2025-03-27 18:28:09 tel: ' 37067573119'
2025-03-27 18:33:10 tel: '/contact-center/vilnius/tel/?key=val&ani=+37067573119&type=newcall&curator_id=y.varslavan'
2025-03-27 18:33:10 tel: ' 37067573119'
2025-03-27 18:36:36 tel: '/contact-center/vilnius/tel/?key=val&ani=+37067573119&type=newcall&curator_id=y.varslavan'
2025-03-27 18:36:36 tel: ' 37067573119'
2025-03-27 18:41:02 tel: '/contact-center/vilnius/tel/?key=val&ani=+37067573119&type=newcall&curator_id=y.varslavan'
2025-03-27 18:41:02 tel: ' 37067573119'
2025-03-28 10:43:21 tel: '/contact-center/vilnius/tel/?key=val&ani=+37067573119&type=newcall&curator_id=y.varslavan'
2025-03-28 10:43:21 tel: ' 37067573119'
2025-03-28 10:59:52 tel: '/contact-center/vilnius/tel/?type=endcall&ani=+37052647127'
2025-03-28 11:00:42 tel: '/contact-center/vilnius/tel/?type=endcall&ani=+37052647127'
2025-03-28 11:45:47 tel: '/contact-center/vilnius/tel/?type=endcall&ani=+37052647127'
2025-03-28 11:46:37 tel: '/contact-center/vilnius/tel/?key=val&ani=+37067573119&type=newcall&curator_id=y.varslavan'
2025-03-28 11:46:37 tel: ' 37067573119'
2025-03-28 11:49:04 tel: '/contact-center/vilnius/tel/?type=endcall&ani=+37052647127'
2025-03-28 11:49:23 tel: '/contact-center/vilnius/tel/?type=endcall&ani=+37052647127'
2025-03-28 11:51:04 tel: '/contact-center/vilnius/tel/?type=endcall&ani=+37052647127'
2025-03-28 11:51:49 tel: '/contact-center/vilnius/tel/?type=endcall&ani=+37052647127'
2025-03-28 11:53:30 tel: '/contact-center/vilnius/tel/?type=endcall&ani=+37052647127'
2025-03-28 11:59:13 tel: '/contact-center/vilnius/tel/?type=endcall&ani=+37052647127'
2025-03-28 12:06:52 tel: '/contact-center/vilnius/tel/?type=endcall&ani=+37052647127'
2025-03-28 12:07:35 tel: '/contact-center/vilnius/tel/?type=endcall&ani=+37052647127'
2025-03-28 12:12:18 tel: '/contact-center/vilnius/tel/?type=endcall&ani=+37052647127'
2025-03-28 12:21:39 tel: '/contact-center/vilnius/tel/?type=endcall&ani=+37052647127'
2025-03-28 12:23:39 tel: '/contact-center/vilnius/tel/?type=endcall&ani=+37052647127'
2025-03-28 12:42:59 tel: '/contact-center/vilnius/tel/?type=endcall&ani=+37052647127'
2025-03-28 12:43:23 tel: '/contact-center/vilnius/tel/?type=endcall&ani=+37052647127'
2025-03-28 12:43:58 tel: '/contact-center/vilnius/tel/?type=endcall&ani=+37052647127'
2025-03-28 12:47:12 tel: '/contact-center/vilnius/tel/?type=endcall&ani=+37052647127'
2025-03-28 12:54:40 tel: '/contact-center/vilnius/tel/?type=endcall&ani=+37052647127'
2025-03-28 12:57:37 tel: '/contact-center/vilnius/tel/?type=endcall&ani=+37052647127'
2025-03-28 12:59:52 tel: '/contact-center/vilnius/tel/?type=endcall&ani=+37052647127'
2025-03-28 13:10:09 tel: '/contact-center/vilnius/tel/?type=endcall&ani=+37052647127'
2025-03-28 13:10:19 tel: '/contact-center/vilnius/tel/?type=endcall'
2025-03-28 14:48:51 tel: '/contact-center/vilnius/tel/?key=val&ani=+37067573119&type=newcall&curator_id=y.varslavan'
2025-03-28 14:48:51 tel: ' 37067573119'
2025-04-15 16:30:27 tel: '/contact-center/vilnius/tel/?key=val&ani=+37067573119&type=newcall&curator_id=y.varslavan'
2025-04-15 16:30:27 tel: ' 37067573119'
2025-04-15 16:40:43 tel: '/contact-center/vilnius/tel/?key=val&ani=+37064706670&type=newcall&curator_id=y.varslavan'
2025-04-15 16:40:43 tel: ' 37064706670'
2025-04-15 16:57:32 tel: '/contact-center/vilnius/tel/?key=val&ani=+37064706670&type=newcall&curator_id=y.varslavan'
2025-04-15 16:59:09 tel: ' 37064706670'
2025-04-15 17:03:14 tel: '/contact-center/vilnius/tel/?key=val&ani=+37067573119&type=newcall&curator_id=y.varslavan'
2025-04-15 17:03:14 tel: ' 37067573119'
2025-04-15 17:03:45 tel: '/contact-center/vilnius/tel/?key=val&ani=+37064706670&type=newcall&curator_id=y.varslavan'
2025-04-15 17:03:45 tel: ' 37064706670'
2025-04-15 17:04:19 tel: '/contact-center/vilnius/tel/?key=val&ani=+37064706670&type=newcall&curator_id=y.varslavan'
2025-04-15 17:04:19 tel: ' 37064706670'
2025-04-15 17:06:25 tel: '/contact-center/vilnius/tel/?key=val&ani=+37064706670&type=newcall&curator_id=y.varslavan'
2025-04-15 17:06:36 tel: ' 37064706670'
2025-04-15 17:10:47 tel: '/contact-center/vilnius/tel/?key=val&ani=+37064706670&type=newcall&curator_id=y.varslavan'
2025-04-15 17:10:49 tel: '/contact-center/vilnius/tel/?key=val&ani=+37064706670&type=newcall&curator_id=y.varslavan'
2025-04-15 17:10:49 tel: ' 37064706670'
2025-04-15 17:10:52 tel: ' 37064706670'
2025-04-15 17:16:28 tel: '/contact-center/vilnius/tel/?key=val&ani=+37064706670&type=newcall&curator_id=y.varslavan'
2025-04-15 17:16:47 tel: '/contact-center/vilnius/tel/?key=val&ani=+37064706670&type=newcall&curator_id=y.varslavan'
2025-04-15 17:16:48 tel: ' 37064706670'
2025-04-15 17:17:00 tel: ' 37064706670'
2025-04-15 17:21:37 tel: '/contact-center/vilnius/tel/?key=val&ani=+37064706670&type=newcall&curator_id=y.varslavan'
2025-04-15 17:21:37 tel: ' 37064706670'
2025-04-15 17:22:16 tel: '/contact-center/vilnius/tel/?key=val&ani=+37064706670&type=newcall&curator_id=y.varslavan'
2025-04-15 17:22:32 tel: ' 37064706670'
2025-04-15 17:29:10 tel: '/contact-center/vilnius/tel/?key=val&ani=+37064706670&type=newcall&curator_id=y.varslavan'
2025-04-15 17:29:10 tel: ' 37064706670'
2025-04-15 17:29:46 tel: '/contact-center/vilnius/tel/?key=val&ani=+37064706670&type=newcall&curator_id=y.varslavan'
2025-04-15 17:30:11 tel: ' 37064706670'
2025-04-15 17:37:23 tel: '/contact-center/vilnius/tel/?key=val&ani=+37064706670&type=newcall&curator_id=y.varslavan'
2025-04-15 17:37:40 tel: ' 37064706670'
2025-04-15 17:40:09 tel: '/contact-center/vilnius/tel/?key=val&ani=+37064706670&type=newcall&curator_id=y.varslavan'
2025-04-15 17:40:09 tel: ' 37064706670'
2025-04-15 17:40:10 tel: '/contact-center/vilnius/tel/?key=val&ani=+37064706670&type=newcall&curator_id=y.varslavan'
2025-04-15 17:40:10 tel: ' 37064706670'
2025-04-15 17:40:46 tel: '/contact-center/vilnius/tel/?key=val&ani=+37064706670&type=newcall&curator_id=y.varslavan'
2025-04-15 17:40:57 tel: ' 37064706670'
2025-04-15 17:43:44 tel: '/contact-center/vilnius/tel/?key=val&ani=+37064706670&type=newcall&curator_id=y.varslavan'
2025-04-15 17:43:53 tel: ' 37064706670'
2025-04-15 17:47:35 tel: '/contact-center/vilnius/tel/?key=val&ani=+37064706670&type=newcall&curator_id=y.varslavan'
2025-04-15 17:47:35 tel: ' 37064706670'
2025-04-15 17:59:28 tel: '/contact-center/vilnius/tel/?key=val&ani=+37064706670&type=newcall&curator_id=y.varslavan'
2025-04-15 17:59:28 tel: ' 37064706670'
2025-04-15 18:01:05 tel: '/contact-center/vilnius/tel/?key=val&ani=+37064706670&type=newcall&curator_id=y.varslavan'
2025-04-15 18:01:05 tel: ' 37064706670'
2025-04-15 18:02:38 tel: '/contact-center/vilnius/tel/?key=val&ani=+37064706670&type=newcall&curator_id=y.varslavan'
2025-04-15 18:02:38 tel: ' 37064706670'
2025-04-15 18:02:39 tel: '/contact-center/vilnius/tel/?key=val&ani=+37064706670&type=newcall&curator_id=y.varslavan'
2025-04-15 18:02:39 tel: ' 37064706670'
2025-04-15 18:10:08 tel: '/contact-center/vilnius/tel/?key=val&ani=+37064706670&type=newcall&curator_id=y.varslavan'
2025-04-15 18:10:08 tel: ' 37064706670'
2025-04-15 18:12:40 tel: '/contact-center/vilnius/tel/?key=val&ani=+37064706670&type=newcall&curator_id=y.varslavan'
2025-04-15 18:12:40 tel: ' 37064706670'
2025-04-15 18:21:37 tel: '/contact-center/vilnius/tel/?key=val&ani=+37034351498&type=newcall&curator_id=y.varslavan'
2025-04-15 18:21:37 tel: ' 37034351498'
2025-04-16 12:32:10 tel: '/contact-center/vilnius/tel/?key=val&ani=+37034351498&type=newcall&curator_id=y.varslavan'
2025-04-16 12:32:10 tel: ' 37034351498'
2025-04-16 12:39:14 tel: '/contact-center/vilnius/tel/?key=val&ani=+37034351498&type=newcall&curator_id=y.varslavan'
2025-04-16 12:39:14 tel: ' 37034351498'
2025-04-16 12:45:05 tel: '/contact-center/vilnius/tel/?key=val&ani=+37034351498&type=newcall&curator_id=y.varslavan'
2025-04-16 12:45:20 tel: ' 37034351498'
2025-04-16 12:52:48 tel: '/contact-center/vilnius/tel/?key=val&ani=++37060114208&type=newcall&curator_id=y.varslavan'
2025-04-16 12:52:49 tel: '  37060114208'
2025-04-16 12:57:44 tel: '/contact-center/vilnius/tel/?key=val&ani=++37060114208&type=newcall&curator_id=y.varslavan'
2025-04-16 12:57:44 tel: '  37060114208'
2025-04-16 13:05:52 tel: '/contact-center/vilnius/tel/?key=val&ani=++37060114208&type=newcall&curator_id=y.varslavan'
2025-04-16 13:05:52 tel: '  37060114208'
2025-04-16 13:06:32 tel: '/contact-center/vilnius/tel/?key=val&ani=++37060114208&type=newcall&curator_id=y.varslavan'
2025-04-16 13:06:32 tel: '  37060114208'
2025-04-16 13:06:39 tel: '/contact-center/vilnius/tel/?key=val&ani=++37060114208&type=newcall&curator_id=y.varslavan'
2025-04-16 13:06:39 tel: '  37060114208'
2025-04-16 13:09:10 tel: '/contact-center/vilnius/tel/?key=val&ani=++37060114208&type=newcall&curator_id=y.varslavan'
2025-04-16 13:09:10 tel: '  37060114208'
2025-04-16 13:09:26 tel: '/contact-center/vilnius/tel/?key=val&ani=++37060114208&type=newcall&curator_id=y.varslavan'
2025-04-16 13:09:26 tel: '  37060114208'
2025-04-16 13:09:26 tel: '/contact-center/vilnius/tel/?key=val&ani=++37060114208&type=newcall&curator_id=y.varslavan'
2025-04-16 13:09:26 tel: '  37060114208'
2025-04-16 13:14:39 tel: '/contact-center/vilnius/tel/?key=val&ani=++37060114208&type=newcall&curator_id=y.varslavan'
2025-04-16 13:14:39 tel: '  37060114208'
2025-04-16 13:14:55 tel: '/contact-center/vilnius/tel/?key=val&ani=+37060114208&type=newcall&curator_id=y.varslavan'
2025-04-16 13:14:55 tel: ' 37060114208'
2025-04-16 13:17:52 tel: '/contact-center/vilnius/tel/?key=val&ani=+37060114208&type=newcall&curator_id=y.varslavan'
2025-04-16 13:17:52 tel: ' 37060114208'
