2025-05-28 11:13:53,755 - blog.main.routes - INFO - [VAPID] Запрос публичного ключа
2025-05-28 11:13:53,755 - blog.main.routes - INFO - [VAPID] Возвращаем публичный ключ: BNTSbYqtXosdptrmO9bf...
2025-05-28 11:13:55,960 - blog.main.routes - INFO - Пользователь 1 подписался на пуш-уведомления
2025-05-28 11:13:56,544 - blog.main.routes - INFO - Пользователь 1 подписался на пуш-уведомления
2025-05-28 11:13:56,986 - blog.main.routes - INFO - [PUSH_TEST] Запрос тестового уведомления от пользователя 1 (y.varslavan@tez-tour.com)
2025-05-28 11:13:56,986 - blog.main.routes - INFO - [PUSH_TEST][VAPID_CONFIG] Используемый публичный VAPID ключ (ожидается клиентом): BNTSbYqtXosdptrmO9bfxysrYft2H-JsFWqHB8oA0Ex_X6jEDjfF0YndzMPAN9SJP8uhzmZn6g_xdDD17aZaxNc
2025-05-28 11:13:56,987 - blog.main.routes - INFO - [PUSH_TEST][VAPID_CONFIG] VAPID_CLAIMS.sub (email): mailto:y.varslavan@tez-tour.com
2025-05-28 11:13:56,988 - blog.main.routes - INFO - [PUSH_TEST] Найдено 47 активных подписок для пользователя 1.
2025-05-28 11:13:57,012 - blog.main.routes - INFO - [PUSH_TEST] Создан объект NotificationData: {'user_id': 1, 'issue_id': 0, 'type': 'test', 'title': 'Тестовое уведомление 🛠️', 'message': 'Это тестовое push-уведомление для y.varslavan@tez-tour.com от HelpDesk.', 'data': {'url': 'http://localhost:5000/home', 'custom_key': 'test_value'}, 'created_at': '2025-05-28T08:13:56.989340+00:00'}
2025-05-28 11:13:57,052 - blog.main.routes - INFO - [PUSH_TEST] Вызов send_push_notification для пользователя 1 завершен.
2025-05-28 11:13:57,052 - blog.main.routes - INFO - [PUSH_TEST] Тестовые уведомления (предположительно) успешно отправлены для пользователя 1.
2025-05-28 11:13:57,313 - blog.main.routes - INFO - [PUSH_TEST] Запрос тестового уведомления от пользователя 1 (y.varslavan@tez-tour.com)
2025-05-28 11:13:57,313 - blog.main.routes - INFO - [PUSH_TEST][VAPID_CONFIG] Используемый публичный VAPID ключ (ожидается клиентом): BNTSbYqtXosdptrmO9bfxysrYft2H-JsFWqHB8oA0Ex_X6jEDjfF0YndzMPAN9SJP8uhzmZn6g_xdDD17aZaxNc
2025-05-28 11:13:57,313 - blog.main.routes - INFO - [PUSH_TEST][VAPID_CONFIG] VAPID_CLAIMS.sub (email): mailto:y.varslavan@tez-tour.com
2025-05-28 11:13:57,313 - blog.main.routes - INFO - [PUSH_TEST] Найдено 47 активных подписок для пользователя 1.
2025-05-28 11:13:57,313 - blog.main.routes - INFO - [PUSH_TEST] Создан объект NotificationData: {'user_id': 1, 'issue_id': 0, 'type': 'test', 'title': 'Тестовое уведомление 🛠️', 'message': 'Это тестовое push-уведомление для y.varslavan@tez-tour.com от HelpDesk.', 'data': {'url': 'http://localhost:5000/home', 'custom_key': 'test_value'}, 'created_at': '2025-05-28T08:13:57.313028+00:00'}
2025-05-28 11:13:57,344 - blog.main.routes - INFO - [PUSH_TEST] Вызов send_push_notification для пользователя 1 завершен.
2025-05-28 11:13:57,344 - blog.main.routes - INFO - [PUSH_TEST] Тестовые уведомления (предположительно) успешно отправлены для пользователя 1.
2025-05-28 11:13:57,351 - blog.main.routes - INFO - [PUSH_TEST] Запрос тестового уведомления от пользователя 1 (y.varslavan@tez-tour.com)
2025-05-28 11:13:57,352 - blog.main.routes - INFO - [PUSH_TEST][VAPID_CONFIG] Используемый публичный VAPID ключ (ожидается клиентом): BNTSbYqtXosdptrmO9bfxysrYft2H-JsFWqHB8oA0Ex_X6jEDjfF0YndzMPAN9SJP8uhzmZn6g_xdDD17aZaxNc
2025-05-28 11:13:57,352 - blog.main.routes - INFO - [PUSH_TEST][VAPID_CONFIG] VAPID_CLAIMS.sub (email): mailto:y.varslavan@tez-tour.com
2025-05-28 11:13:57,353 - blog.main.routes - INFO - [PUSH_TEST] Найдено 47 активных подписок для пользователя 1.
2025-05-28 11:13:57,354 - blog.main.routes - INFO - [PUSH_TEST] Создан объект NotificationData: {'user_id': 1, 'issue_id': 0, 'type': 'test', 'title': 'Тестовое уведомление 🛠️', 'message': 'Это тестовое push-уведомление для y.varslavan@tez-tour.com от HelpDesk.', 'data': {'url': 'http://localhost:5000/home', 'custom_key': 'test_value'}, 'created_at': '2025-05-28T08:13:57.354277+00:00'}
2025-05-28 11:13:57,376 - blog.main.routes - INFO - [PUSH_TEST] Вызов send_push_notification для пользователя 1 завершен.
2025-05-28 11:13:57,376 - blog.main.routes - INFO - [PUSH_TEST] Тестовые уведомления (предположительно) успешно отправлены для пользователя 1.
2025-05-28 11:13:59,010 - blog.main.routes - INFO - [PUSH_TEST] Запрос тестового уведомления от пользователя 1 (y.varslavan@tez-tour.com)
2025-05-28 11:13:59,011 - blog.main.routes - INFO - [PUSH_TEST][VAPID_CONFIG] Используемый публичный VAPID ключ (ожидается клиентом): BNTSbYqtXosdptrmO9bfxysrYft2H-JsFWqHB8oA0Ex_X6jEDjfF0YndzMPAN9SJP8uhzmZn6g_xdDD17aZaxNc
2025-05-28 11:13:59,011 - blog.main.routes - INFO - [PUSH_TEST][VAPID_CONFIG] VAPID_CLAIMS.sub (email): mailto:y.varslavan@tez-tour.com
2025-05-28 11:13:59,012 - blog.main.routes - INFO - [PUSH_TEST] Найдено 47 активных подписок для пользователя 1.
2025-05-28 11:13:59,012 - blog.main.routes - INFO - [PUSH_TEST] Создан объект NotificationData: {'user_id': 1, 'issue_id': 0, 'type': 'test', 'title': 'Тестовое уведомление 🛠️', 'message': 'Это тестовое push-уведомление для y.varslavan@tez-tour.com от HelpDesk.', 'data': {'url': 'http://localhost:5000/home', 'custom_key': 'test_value'}, 'created_at': '2025-05-28T08:13:59.012843+00:00'}
2025-05-28 11:13:59,035 - blog.main.routes - INFO - [PUSH_TEST] Вызов send_push_notification для пользователя 1 завершен.
2025-05-28 11:13:59,036 - blog.main.routes - INFO - [PUSH_TEST] Тестовые уведомления (предположительно) успешно отправлены для пользователя 1.
2025-05-28 11:16:59,527 - blog.main.routes - INFO - [PUSH_TEST] Запрос тестового уведомления от пользователя 1 (y.varslavan@tez-tour.com)
2025-05-28 11:16:59,527 - blog.main.routes - INFO - [PUSH_TEST][VAPID_CONFIG] Используемый публичный VAPID ключ (ожидается клиентом): BNTSbYqtXosdptrmO9bfxysrYft2H-JsFWqHB8oA0Ex_X6jEDjfF0YndzMPAN9SJP8uhzmZn6g_xdDD17aZaxNc
2025-05-28 11:16:59,527 - blog.main.routes - INFO - [PUSH_TEST][VAPID_CONFIG] VAPID_CLAIMS.sub (email): mailto:y.varslavan@tez-tour.com
2025-05-28 11:16:59,527 - blog.main.routes - INFO - [PUSH_TEST] Найдено 47 активных подписок для пользователя 1.
2025-05-28 11:16:59,527 - blog.main.routes - INFO - [PUSH_TEST] Создан объект NotificationData: {'user_id': 1, 'issue_id': 0, 'type': 'test', 'title': 'Тестовое уведомление 🛠️', 'message': 'Это тестовое push-уведомление для y.varslavan@tez-tour.com от HelpDesk.', 'data': {'url': 'http://localhost:5000/home', 'custom_key': 'test_value'}, 'created_at': '2025-05-28T08:16:59.527891+00:00'}
2025-05-28 11:16:59,558 - blog.main.routes - INFO - [PUSH_TEST] Вызов send_push_notification для пользователя 1 завершен.
2025-05-28 11:16:59,558 - blog.main.routes - INFO - [PUSH_TEST] Тестовые уведомления (предположительно) успешно отправлены для пользователя 1.
2025-05-28 11:16:59,850 - blog.main.routes - INFO - [PUSH_TEST] Запрос тестового уведомления от пользователя 1 (y.varslavan@tez-tour.com)
2025-05-28 11:16:59,850 - blog.main.routes - INFO - [PUSH_TEST][VAPID_CONFIG] Используемый публичный VAPID ключ (ожидается клиентом): BNTSbYqtXosdptrmO9bfxysrYft2H-JsFWqHB8oA0Ex_X6jEDjfF0YndzMPAN9SJP8uhzmZn6g_xdDD17aZaxNc
2025-05-28 11:16:59,851 - blog.main.routes - INFO - [PUSH_TEST][VAPID_CONFIG] VAPID_CLAIMS.sub (email): mailto:y.varslavan@tez-tour.com
2025-05-28 11:16:59,852 - blog.main.routes - INFO - [PUSH_TEST] Найдено 47 активных подписок для пользователя 1.
2025-05-28 11:16:59,852 - blog.main.routes - INFO - [PUSH_TEST] Создан объект NotificationData: {'user_id': 1, 'issue_id': 0, 'type': 'test', 'title': 'Тестовое уведомление 🛠️', 'message': 'Это тестовое push-уведомление для y.varslavan@tez-tour.com от HelpDesk.', 'data': {'url': 'http://localhost:5000/home', 'custom_key': 'test_value'}, 'created_at': '2025-05-28T08:16:59.852675+00:00'}
2025-05-28 11:16:59,874 - blog.main.routes - INFO - [PUSH_TEST] Вызов send_push_notification для пользователя 1 завершен.
2025-05-28 11:16:59,875 - blog.main.routes - INFO - [PUSH_TEST] Тестовые уведомления (предположительно) успешно отправлены для пользователя 1.
2025-05-28 11:17:14,640 - blog.main.routes - INFO - [PUSH_TEST] Запрос тестового уведомления от пользователя 1 (y.varslavan@tez-tour.com)
2025-05-28 11:17:14,641 - blog.main.routes - INFO - [PUSH_TEST][VAPID_CONFIG] Используемый публичный VAPID ключ (ожидается клиентом): BNTSbYqtXosdptrmO9bfxysrYft2H-JsFWqHB8oA0Ex_X6jEDjfF0YndzMPAN9SJP8uhzmZn6g_xdDD17aZaxNc
2025-05-28 11:17:14,641 - blog.main.routes - INFO - [PUSH_TEST][VAPID_CONFIG] VAPID_CLAIMS.sub (email): mailto:y.varslavan@tez-tour.com
2025-05-28 11:17:14,642 - blog.main.routes - INFO - [PUSH_TEST] Найдено 47 активных подписок для пользователя 1.
2025-05-28 11:17:14,643 - blog.main.routes - INFO - [PUSH_TEST] Создан объект NotificationData: {'user_id': 1, 'issue_id': 0, 'type': 'test', 'title': 'Тестовое уведомление 🛠️', 'message': 'Это тестовое push-уведомление для y.varslavan@tez-tour.com от HelpDesk.', 'data': {'url': 'http://localhost:5000/home', 'custom_key': 'test_value'}, 'created_at': '2025-05-28T08:17:14.643139+00:00'}
2025-05-28 11:17:14,703 - blog.main.routes - INFO - [PUSH_TEST] Вызов send_push_notification для пользователя 1 завершен.
2025-05-28 11:17:14,703 - blog.main.routes - INFO - [PUSH_TEST] Тестовые уведомления (предположительно) успешно отправлены для пользователя 1.
2025-05-28 11:17:14,715 - blog.main.routes - INFO - [PUSH_TEST] Запрос тестового уведомления от пользователя 1 (y.varslavan@tez-tour.com)
2025-05-28 11:17:14,715 - blog.main.routes - INFO - [PUSH_TEST][VAPID_CONFIG] Используемый публичный VAPID ключ (ожидается клиентом): BNTSbYqtXosdptrmO9bfxysrYft2H-JsFWqHB8oA0Ex_X6jEDjfF0YndzMPAN9SJP8uhzmZn6g_xdDD17aZaxNc
2025-05-28 11:17:14,716 - blog.main.routes - INFO - [PUSH_TEST][VAPID_CONFIG] VAPID_CLAIMS.sub (email): mailto:y.varslavan@tez-tour.com
2025-05-28 11:17:14,717 - blog.main.routes - INFO - [PUSH_TEST] Найдено 47 активных подписок для пользователя 1.
2025-05-28 11:17:14,717 - blog.main.routes - INFO - [PUSH_TEST] Создан объект NotificationData: {'user_id': 1, 'issue_id': 0, 'type': 'test', 'title': 'Тестовое уведомление 🛠️', 'message': 'Это тестовое push-уведомление для y.varslavan@tez-tour.com от HelpDesk.', 'data': {'url': 'http://localhost:5000/home', 'custom_key': 'test_value'}, 'created_at': '2025-05-28T08:17:14.717891+00:00'}
2025-05-28 11:17:14,740 - blog.main.routes - INFO - [PUSH_TEST] Вызов send_push_notification для пользователя 1 завершен.
2025-05-28 11:17:14,741 - blog.main.routes - INFO - [PUSH_TEST] Тестовые уведомления (предположительно) успешно отправлены для пользователя 1.
2025-05-28 11:17:25,480 - blog.main.routes - INFO - [VAPID] Запрос публичного ключа
2025-05-28 11:17:25,480 - blog.main.routes - INFO - [VAPID] Возвращаем публичный ключ: BNTSbYqtXosdptrmO9bf...
2025-05-28 11:18:12,326 - blog.main.routes - INFO - [VAPID] Запрос публичного ключа
2025-05-28 11:18:12,326 - blog.main.routes - INFO - [VAPID] Возвращаем публичный ключ: BNTSbYqtXosdptrmO9bf...
2025-05-28 11:18:14,913 - blog.main.routes - INFO - Пользователь 1 подписался на пуш-уведомления
2025-05-28 11:18:15,230 - blog.main.routes - INFO - Пользователь 1 подписался на пуш-уведомления
2025-05-28 11:18:16,087 - blog.main.routes - INFO - [PUSH_TEST] Запрос тестового уведомления от пользователя 1 (y.varslavan@tez-tour.com)
2025-05-28 11:18:16,088 - blog.main.routes - INFO - [PUSH_TEST][VAPID_CONFIG] Используемый публичный VAPID ключ (ожидается клиентом): BNTSbYqtXosdptrmO9bfxysrYft2H-JsFWqHB8oA0Ex_X6jEDjfF0YndzMPAN9SJP8uhzmZn6g_xdDD17aZaxNc
2025-05-28 11:18:16,088 - blog.main.routes - INFO - [PUSH_TEST][VAPID_CONFIG] VAPID_CLAIMS.sub (email): mailto:y.varslavan@tez-tour.com
2025-05-28 11:18:16,089 - blog.main.routes - INFO - [PUSH_TEST] Найдено 49 активных подписок для пользователя 1.
2025-05-28 11:18:16,090 - blog.main.routes - INFO - [PUSH_TEST] Создан объект NotificationData: {'user_id': 1, 'issue_id': 0, 'type': 'test', 'title': 'Тестовое уведомление 🛠️', 'message': 'Это тестовое push-уведомление для y.varslavan@tez-tour.com от HelpDesk.', 'data': {'url': 'http://localhost:5000/home', 'custom_key': 'test_value'}, 'created_at': '2025-05-28T08:18:16.090875+00:00'}
2025-05-28 11:18:16,113 - blog.main.routes - INFO - [PUSH_TEST] Вызов send_push_notification для пользователя 1 завершен.
2025-05-28 11:18:16,113 - blog.main.routes - INFO - [PUSH_TEST] Тестовые уведомления (предположительно) успешно отправлены для пользователя 1.
2025-05-28 11:18:16,124 - blog.main.routes - INFO - [PUSH_TEST] Запрос тестового уведомления от пользователя 1 (y.varslavan@tez-tour.com)
2025-05-28 11:18:16,125 - blog.main.routes - INFO - [PUSH_TEST][VAPID_CONFIG] Используемый публичный VAPID ключ (ожидается клиентом): BNTSbYqtXosdptrmO9bfxysrYft2H-JsFWqHB8oA0Ex_X6jEDjfF0YndzMPAN9SJP8uhzmZn6g_xdDD17aZaxNc
2025-05-28 11:18:16,125 - blog.main.routes - INFO - [PUSH_TEST][VAPID_CONFIG] VAPID_CLAIMS.sub (email): mailto:y.varslavan@tez-tour.com
2025-05-28 11:18:16,127 - blog.main.routes - INFO - [PUSH_TEST] Найдено 49 активных подписок для пользователя 1.
2025-05-28 11:18:16,128 - blog.main.routes - INFO - [PUSH_TEST] Создан объект NotificationData: {'user_id': 1, 'issue_id': 0, 'type': 'test', 'title': 'Тестовое уведомление 🛠️', 'message': 'Это тестовое push-уведомление для y.varslavan@tez-tour.com от HelpDesk.', 'data': {'url': 'http://localhost:5000/home', 'custom_key': 'test_value'}, 'created_at': '2025-05-28T08:18:16.128875+00:00'}
2025-05-28 11:18:16,155 - blog.main.routes - INFO - [PUSH_TEST] Вызов send_push_notification для пользователя 1 завершен.
2025-05-28 11:18:16,156 - blog.main.routes - INFO - [PUSH_TEST] Тестовые уведомления (предположительно) успешно отправлены для пользователя 1.
2025-05-28 11:18:16,233 - blog.main.routes - INFO - [PUSH_TEST] Запрос тестового уведомления от пользователя 1 (y.varslavan@tez-tour.com)
2025-05-28 11:18:16,234 - blog.main.routes - INFO - [PUSH_TEST][VAPID_CONFIG] Используемый публичный VAPID ключ (ожидается клиентом): BNTSbYqtXosdptrmO9bfxysrYft2H-JsFWqHB8oA0Ex_X6jEDjfF0YndzMPAN9SJP8uhzmZn6g_xdDD17aZaxNc
2025-05-28 11:18:16,234 - blog.main.routes - INFO - [PUSH_TEST][VAPID_CONFIG] VAPID_CLAIMS.sub (email): mailto:y.varslavan@tez-tour.com
2025-05-28 11:18:16,235 - blog.main.routes - INFO - [PUSH_TEST] Найдено 49 активных подписок для пользователя 1.
2025-05-28 11:18:16,235 - blog.main.routes - INFO - [PUSH_TEST] Создан объект NotificationData: {'user_id': 1, 'issue_id': 0, 'type': 'test', 'title': 'Тестовое уведомление 🛠️', 'message': 'Это тестовое push-уведомление для y.varslavan@tez-tour.com от HelpDesk.', 'data': {'url': 'http://localhost:5000/home', 'custom_key': 'test_value'}, 'created_at': '2025-05-28T08:18:16.235828+00:00'}
2025-05-28 11:18:16,259 - blog.main.routes - INFO - [PUSH_TEST] Вызов send_push_notification для пользователя 1 завершен.
2025-05-28 11:18:16,260 - blog.main.routes - INFO - [PUSH_TEST] Тестовые уведомления (предположительно) успешно отправлены для пользователя 1.
2025-05-28 11:18:17,285 - blog.main.routes - INFO - [PUSH_TEST] Запрос тестового уведомления от пользователя 1 (y.varslavan@tez-tour.com)
2025-05-28 11:18:17,285 - blog.main.routes - INFO - [PUSH_TEST][VAPID_CONFIG] Используемый публичный VAPID ключ (ожидается клиентом): BNTSbYqtXosdptrmO9bfxysrYft2H-JsFWqHB8oA0Ex_X6jEDjfF0YndzMPAN9SJP8uhzmZn6g_xdDD17aZaxNc
2025-05-28 11:18:17,286 - blog.main.routes - INFO - [PUSH_TEST][VAPID_CONFIG] VAPID_CLAIMS.sub (email): mailto:y.varslavan@tez-tour.com
2025-05-28 11:18:17,287 - blog.main.routes - INFO - [PUSH_TEST] Найдено 49 активных подписок для пользователя 1.
2025-05-28 11:18:17,287 - blog.main.routes - INFO - [PUSH_TEST] Создан объект NotificationData: {'user_id': 1, 'issue_id': 0, 'type': 'test', 'title': 'Тестовое уведомление 🛠️', 'message': 'Это тестовое push-уведомление для y.varslavan@tez-tour.com от HelpDesk.', 'data': {'url': 'http://localhost:5000/home', 'custom_key': 'test_value'}, 'created_at': '2025-05-28T08:18:17.287418+00:00'}
2025-05-28 11:18:17,312 - blog.main.routes - INFO - [PUSH_TEST] Вызов send_push_notification для пользователя 1 завершен.
2025-05-28 11:18:17,312 - blog.main.routes - INFO - [PUSH_TEST] Тестовые уведомления (предположительно) успешно отправлены для пользователя 1.
2025-05-28 11:18:21,241 - blog.main.routes - INFO - [VAPID] Запрос публичного ключа
2025-05-28 11:18:21,241 - blog.main.routes - INFO - [VAPID] Возвращаем публичный ключ: BNTSbYqtXosdptrmO9bf...
2025-05-28 11:26:10,181 - blog.main.routes - INFO - [VAPID] Запрос публичного ключа
2025-05-28 11:26:10,182 - blog.main.routes - INFO - [VAPID] Возвращаем публичный ключ: BNTSbYqtXosdptrmO9bf...
2025-05-28 11:26:25,049 - blog.main.routes - INFO - Пользователь 1 подписался на пуш-уведомления
2025-05-28 11:26:25,644 - blog.main.routes - INFO - Пользователь 1 подписался на пуш-уведомления
2025-05-28 11:26:26,063 - blog.main.routes - INFO - [PUSH_TEST] Запрос тестового уведомления от пользователя 1 (y.varslavan@tez-tour.com)
2025-05-28 11:26:26,063 - blog.main.routes - INFO - [PUSH_TEST][VAPID_CONFIG] Используемый публичный VAPID ключ (ожидается клиентом): BNTSbYqtXosdptrmO9bfxysrYft2H-JsFWqHB8oA0Ex_X6jEDjfF0YndzMPAN9SJP8uhzmZn6g_xdDD17aZaxNc
2025-05-28 11:26:26,064 - blog.main.routes - INFO - [PUSH_TEST][VAPID_CONFIG] VAPID_CLAIMS.sub (email): mailto:y.varslavan@tez-tour.com
2025-05-28 11:26:26,065 - blog.main.routes - INFO - [PUSH_TEST] Найдено 51 активных подписок для пользователя 1.
2025-05-28 11:26:26,067 - blog.main.routes - INFO - [PUSH_TEST] Создан объект NotificationData: {'user_id': 1, 'issue_id': 0, 'type': 'test', 'title': 'Тестовое уведомление 🛠️', 'message': 'Это тестовое push-уведомление для y.varslavan@tez-tour.com от HelpDesk.', 'data': {'url': 'http://localhost:5000/home', 'custom_key': 'test_value', 'icon': 'http://localhost:5000/static/img/push-icon.png'}, 'created_at': '2025-05-28T08:26:26.066570+00:00'}
2025-05-28 11:26:26,095 - blog.main.routes - INFO - [PUSH_TEST] Вызов send_push_notification для пользователя 1 завершен.
2025-05-28 11:26:26,096 - blog.main.routes - INFO - [PUSH_TEST] Тестовые уведомления (предположительно) успешно отправлены для пользователя 1.
2025-05-28 11:26:26,421 - blog.main.routes - INFO - [PUSH_TEST] Запрос тестового уведомления от пользователя 1 (y.varslavan@tez-tour.com)
2025-05-28 11:26:26,422 - blog.main.routes - INFO - [PUSH_TEST][VAPID_CONFIG] Используемый публичный VAPID ключ (ожидается клиентом): BNTSbYqtXosdptrmO9bfxysrYft2H-JsFWqHB8oA0Ex_X6jEDjfF0YndzMPAN9SJP8uhzmZn6g_xdDD17aZaxNc
2025-05-28 11:26:26,422 - blog.main.routes - INFO - [PUSH_TEST][VAPID_CONFIG] VAPID_CLAIMS.sub (email): mailto:y.varslavan@tez-tour.com
2025-05-28 11:26:26,423 - blog.main.routes - INFO - [PUSH_TEST] Найдено 51 активных подписок для пользователя 1.
2025-05-28 11:26:26,423 - blog.main.routes - INFO - [PUSH_TEST] Создан объект NotificationData: {'user_id': 1, 'issue_id': 0, 'type': 'test', 'title': 'Тестовое уведомление 🛠️', 'message': 'Это тестовое push-уведомление для y.varslavan@tez-tour.com от HelpDesk.', 'data': {'url': 'http://localhost:5000/home', 'custom_key': 'test_value', 'icon': 'http://localhost:5000/static/img/push-icon.png'}, 'created_at': '2025-05-28T08:26:26.423789+00:00'}
2025-05-28 11:26:26,455 - blog.main.routes - INFO - [PUSH_TEST] Вызов send_push_notification для пользователя 1 завершен.
2025-05-28 11:26:26,455 - blog.main.routes - INFO - [PUSH_TEST] Тестовые уведомления (предположительно) успешно отправлены для пользователя 1.
2025-05-28 11:26:26,460 - blog.main.routes - INFO - [PUSH_TEST] Запрос тестового уведомления от пользователя 1 (y.varslavan@tez-tour.com)
2025-05-28 11:26:26,461 - blog.main.routes - INFO - [PUSH_TEST][VAPID_CONFIG] Используемый публичный VAPID ключ (ожидается клиентом): BNTSbYqtXosdptrmO9bfxysrYft2H-JsFWqHB8oA0Ex_X6jEDjfF0YndzMPAN9SJP8uhzmZn6g_xdDD17aZaxNc
2025-05-28 11:26:26,461 - blog.main.routes - INFO - [PUSH_TEST][VAPID_CONFIG] VAPID_CLAIMS.sub (email): mailto:y.varslavan@tez-tour.com
2025-05-28 11:26:26,463 - blog.main.routes - INFO - [PUSH_TEST] Найдено 51 активных подписок для пользователя 1.
2025-05-28 11:26:26,463 - blog.main.routes - INFO - [PUSH_TEST] Создан объект NotificationData: {'user_id': 1, 'issue_id': 0, 'type': 'test', 'title': 'Тестовое уведомление 🛠️', 'message': 'Это тестовое push-уведомление для y.varslavan@tez-tour.com от HelpDesk.', 'data': {'url': 'http://localhost:5000/home', 'custom_key': 'test_value', 'icon': 'http://localhost:5000/static/img/push-icon.png'}, 'created_at': '2025-05-28T08:26:26.463247+00:00'}
2025-05-28 11:26:26,513 - blog.main.routes - INFO - [PUSH_TEST] Вызов send_push_notification для пользователя 1 завершен.
2025-05-28 11:26:26,514 - blog.main.routes - INFO - [PUSH_TEST] Тестовые уведомления (предположительно) успешно отправлены для пользователя 1.
2025-05-28 11:26:27,973 - blog.main.routes - INFO - [PUSH_TEST] Запрос тестового уведомления от пользователя 1 (y.varslavan@tez-tour.com)
2025-05-28 11:26:27,974 - blog.main.routes - INFO - [PUSH_TEST][VAPID_CONFIG] Используемый публичный VAPID ключ (ожидается клиентом): BNTSbYqtXosdptrmO9bfxysrYft2H-JsFWqHB8oA0Ex_X6jEDjfF0YndzMPAN9SJP8uhzmZn6g_xdDD17aZaxNc
2025-05-28 11:26:27,974 - blog.main.routes - INFO - [PUSH_TEST][VAPID_CONFIG] VAPID_CLAIMS.sub (email): mailto:y.varslavan@tez-tour.com
2025-05-28 11:26:27,975 - blog.main.routes - INFO - [PUSH_TEST] Найдено 51 активных подписок для пользователя 1.
2025-05-28 11:26:27,976 - blog.main.routes - INFO - [PUSH_TEST] Создан объект NotificationData: {'user_id': 1, 'issue_id': 0, 'type': 'test', 'title': 'Тестовое уведомление 🛠️', 'message': 'Это тестовое push-уведомление для y.varslavan@tez-tour.com от HelpDesk.', 'data': {'url': 'http://localhost:5000/home', 'custom_key': 'test_value', 'icon': 'http://localhost:5000/static/img/push-icon.png'}, 'created_at': '2025-05-28T08:26:27.976356+00:00'}
2025-05-28 11:26:28,042 - blog.main.routes - INFO - [PUSH_TEST] Вызов send_push_notification для пользователя 1 завершен.
2025-05-28 11:26:28,043 - blog.main.routes - INFO - [PUSH_TEST] Тестовые уведомления (предположительно) успешно отправлены для пользователя 1.
2025-05-28 11:26:40,098 - blog.main.routes - INFO - [PUSH_TEST] Запрос тестового уведомления от пользователя 1 (y.varslavan@tez-tour.com)
2025-05-28 11:26:40,098 - blog.main.routes - INFO - [PUSH_TEST][VAPID_CONFIG] Используемый публичный VAPID ключ (ожидается клиентом): BNTSbYqtXosdptrmO9bfxysrYft2H-JsFWqHB8oA0Ex_X6jEDjfF0YndzMPAN9SJP8uhzmZn6g_xdDD17aZaxNc
2025-05-28 11:26:40,099 - blog.main.routes - INFO - [PUSH_TEST][VAPID_CONFIG] VAPID_CLAIMS.sub (email): mailto:y.varslavan@tez-tour.com
2025-05-28 11:26:40,100 - blog.main.routes - INFO - [PUSH_TEST] Найдено 51 активных подписок для пользователя 1.
2025-05-28 11:26:40,100 - blog.main.routes - INFO - [PUSH_TEST] Создан объект NotificationData: {'user_id': 1, 'issue_id': 0, 'type': 'test', 'title': 'Тестовое уведомление 🛠️', 'message': 'Это тестовое push-уведомление для y.varslavan@tez-tour.com от HelpDesk.', 'data': {'url': 'http://localhost:5000/home', 'custom_key': 'test_value', 'icon': 'http://localhost:5000/static/img/push-icon.png'}, 'created_at': '2025-05-28T08:26:40.100025+00:00'}
2025-05-28 11:26:40,129 - blog.main.routes - INFO - [PUSH_TEST] Вызов send_push_notification для пользователя 1 завершен.
2025-05-28 11:26:40,130 - blog.main.routes - INFO - [PUSH_TEST] Тестовые уведомления (предположительно) успешно отправлены для пользователя 1.
2025-05-28 11:26:40,417 - blog.main.routes - INFO - [PUSH_TEST] Запрос тестового уведомления от пользователя 1 (y.varslavan@tez-tour.com)
2025-05-28 11:26:40,418 - blog.main.routes - INFO - [PUSH_TEST][VAPID_CONFIG] Используемый публичный VAPID ключ (ожидается клиентом): BNTSbYqtXosdptrmO9bfxysrYft2H-JsFWqHB8oA0Ex_X6jEDjfF0YndzMPAN9SJP8uhzmZn6g_xdDD17aZaxNc
2025-05-28 11:26:40,418 - blog.main.routes - INFO - [PUSH_TEST][VAPID_CONFIG] VAPID_CLAIMS.sub (email): mailto:y.varslavan@tez-tour.com
2025-05-28 11:26:40,419 - blog.main.routes - INFO - [PUSH_TEST] Найдено 51 активных подписок для пользователя 1.
2025-05-28 11:26:40,420 - blog.main.routes - INFO - [PUSH_TEST] Создан объект NotificationData: {'user_id': 1, 'issue_id': 0, 'type': 'test', 'title': 'Тестовое уведомление 🛠️', 'message': 'Это тестовое push-уведомление для y.varslavan@tez-tour.com от HelpDesk.', 'data': {'url': 'http://localhost:5000/home', 'custom_key': 'test_value', 'icon': 'http://localhost:5000/static/img/push-icon.png'}, 'created_at': '2025-05-28T08:26:40.420809+00:00'}
2025-05-28 11:26:40,486 - blog.main.routes - INFO - [PUSH_TEST] Вызов send_push_notification для пользователя 1 завершен.
2025-05-28 11:26:40,486 - blog.main.routes - INFO - [PUSH_TEST] Тестовые уведомления (предположительно) успешно отправлены для пользователя 1.
2025-05-28 11:28:22,838 - blog.main.routes - INFO - [VAPID] Запрос публичного ключа
2025-05-28 11:28:22,839 - blog.main.routes - INFO - [VAPID] Возвращаем публичный ключ: BNTSbYqtXosdptrmO9bf...
2025-05-28 11:28:25,422 - blog.main.routes - INFO - Пользователь 1 подписался на пуш-уведомления
2025-05-28 11:28:26,029 - blog.main.routes - INFO - Пользователь 1 подписался на пуш-уведомления
2025-05-28 11:28:26,437 - blog.main.routes - INFO - [PUSH_TEST] Запрос тестового уведомления от пользователя 1 (y.varslavan@tez-tour.com)
2025-05-28 11:28:26,438 - blog.main.routes - INFO - [PUSH_TEST][VAPID_CONFIG] Используемый публичный VAPID ключ (ожидается клиентом): BNTSbYqtXosdptrmO9bfxysrYft2H-JsFWqHB8oA0Ex_X6jEDjfF0YndzMPAN9SJP8uhzmZn6g_xdDD17aZaxNc
2025-05-28 11:28:26,438 - blog.main.routes - INFO - [PUSH_TEST][VAPID_CONFIG] VAPID_CLAIMS.sub (email): mailto:y.varslavan@tez-tour.com
2025-05-28 11:28:26,439 - blog.main.routes - INFO - [PUSH_TEST] Найдено 53 активных подписок для пользователя 1.
2025-05-28 11:28:26,440 - blog.main.routes - INFO - [PUSH_TEST] Создан объект NotificationData: {'user_id': 1, 'issue_id': 0, 'type': 'test', 'title': 'Тестовое уведомление 🛠️', 'message': 'Это тестовое push-уведомление для y.varslavan@tez-tour.com от HelpDesk.', 'data': {'url': 'http://localhost:5000/home', 'custom_key': 'test_value', 'icon': 'http://localhost:5000/static/img/push-icon.png'}, 'created_at': '2025-05-28T08:28:26.440502+00:00'}
2025-05-28 11:28:26,464 - blog.main.routes - INFO - [PUSH_TEST] Вызов send_push_notification для пользователя 1 завершен.
2025-05-28 11:28:26,464 - blog.main.routes - INFO - [PUSH_TEST] Тестовые уведомления (предположительно) успешно отправлены для пользователя 1.
2025-05-28 11:28:26,916 - blog.main.routes - INFO - [PUSH_TEST] Запрос тестового уведомления от пользователя 1 (y.varslavan@tez-tour.com)
2025-05-28 11:28:26,917 - blog.main.routes - INFO - [PUSH_TEST][VAPID_CONFIG] Используемый публичный VAPID ключ (ожидается клиентом): BNTSbYqtXosdptrmO9bfxysrYft2H-JsFWqHB8oA0Ex_X6jEDjfF0YndzMPAN9SJP8uhzmZn6g_xdDD17aZaxNc
2025-05-28 11:28:26,917 - blog.main.routes - INFO - [PUSH_TEST][VAPID_CONFIG] VAPID_CLAIMS.sub (email): mailto:y.varslavan@tez-tour.com
2025-05-28 11:28:26,918 - blog.main.routes - INFO - [PUSH_TEST] Найдено 53 активных подписок для пользователя 1.
2025-05-28 11:28:26,919 - blog.main.routes - INFO - [PUSH_TEST] Создан объект NotificationData: {'user_id': 1, 'issue_id': 0, 'type': 'test', 'title': 'Тестовое уведомление 🛠️', 'message': 'Это тестовое push-уведомление для y.varslavan@tez-tour.com от HelpDesk.', 'data': {'url': 'http://localhost:5000/home', 'custom_key': 'test_value', 'icon': 'http://localhost:5000/static/img/push-icon.png'}, 'created_at': '2025-05-28T08:28:26.919520+00:00'}
2025-05-28 11:28:26,979 - blog.main.routes - INFO - [PUSH_TEST] Вызов send_push_notification для пользователя 1 завершен.
2025-05-28 11:28:26,980 - blog.main.routes - INFO - [PUSH_TEST] Тестовые уведомления (предположительно) успешно отправлены для пользователя 1.
2025-05-28 11:28:26,986 - blog.main.routes - INFO - [PUSH_TEST] Запрос тестового уведомления от пользователя 1 (y.varslavan@tez-tour.com)
2025-05-28 11:28:26,987 - blog.main.routes - INFO - [PUSH_TEST][VAPID_CONFIG] Используемый публичный VAPID ключ (ожидается клиентом): BNTSbYqtXosdptrmO9bfxysrYft2H-JsFWqHB8oA0Ex_X6jEDjfF0YndzMPAN9SJP8uhzmZn6g_xdDD17aZaxNc
2025-05-28 11:28:26,987 - blog.main.routes - INFO - [PUSH_TEST][VAPID_CONFIG] VAPID_CLAIMS.sub (email): mailto:y.varslavan@tez-tour.com
2025-05-28 11:28:26,989 - blog.main.routes - INFO - [PUSH_TEST] Найдено 53 активных подписок для пользователя 1.
2025-05-28 11:28:26,989 - blog.main.routes - INFO - [PUSH_TEST] Создан объект NotificationData: {'user_id': 1, 'issue_id': 0, 'type': 'test', 'title': 'Тестовое уведомление 🛠️', 'message': 'Это тестовое push-уведомление для y.varslavan@tez-tour.com от HelpDesk.', 'data': {'url': 'http://localhost:5000/home', 'custom_key': 'test_value', 'icon': 'http://localhost:5000/static/img/push-icon.png'}, 'created_at': '2025-05-28T08:28:26.989610+00:00'}
2025-05-28 11:28:27,020 - blog.main.routes - INFO - [PUSH_TEST] Вызов send_push_notification для пользователя 1 завершен.
2025-05-28 11:28:27,021 - blog.main.routes - INFO - [PUSH_TEST] Тестовые уведомления (предположительно) успешно отправлены для пользователя 1.
2025-05-28 11:28:28,302 - blog.main.routes - INFO - [PUSH_TEST] Запрос тестового уведомления от пользователя 1 (y.varslavan@tez-tour.com)
2025-05-28 11:28:28,302 - blog.main.routes - INFO - [PUSH_TEST][VAPID_CONFIG] Используемый публичный VAPID ключ (ожидается клиентом): BNTSbYqtXosdptrmO9bfxysrYft2H-JsFWqHB8oA0Ex_X6jEDjfF0YndzMPAN9SJP8uhzmZn6g_xdDD17aZaxNc
2025-05-28 11:28:28,302 - blog.main.routes - INFO - [PUSH_TEST][VAPID_CONFIG] VAPID_CLAIMS.sub (email): mailto:y.varslavan@tez-tour.com
2025-05-28 11:28:28,304 - blog.main.routes - INFO - [PUSH_TEST] Найдено 53 активных подписок для пользователя 1.
2025-05-28 11:28:28,304 - blog.main.routes - INFO - [PUSH_TEST] Создан объект NotificationData: {'user_id': 1, 'issue_id': 0, 'type': 'test', 'title': 'Тестовое уведомление 🛠️', 'message': 'Это тестовое push-уведомление для y.varslavan@tez-tour.com от HelpDesk.', 'data': {'url': 'http://localhost:5000/home', 'custom_key': 'test_value', 'icon': 'http://localhost:5000/static/img/push-icon.png'}, 'created_at': '2025-05-28T08:28:28.304826+00:00'}
2025-05-28 11:28:28,330 - blog.main.routes - INFO - [PUSH_TEST] Вызов send_push_notification для пользователя 1 завершен.
2025-05-28 11:28:28,330 - blog.main.routes - INFO - [PUSH_TEST] Тестовые уведомления (предположительно) успешно отправлены для пользователя 1.
2025-05-28 11:28:30,518 - blog.main.routes - INFO - [VAPID] Запрос публичного ключа
2025-05-28 11:28:30,519 - blog.main.routes - INFO - [VAPID] Возвращаем публичный ключ: BNTSbYqtXosdptrmO9bf...
2025-05-28 11:30:46,582 - blog.main.routes - INFO - [VAPID] Запрос публичного ключа
2025-05-28 11:30:46,582 - blog.main.routes - INFO - [VAPID] Возвращаем публичный ключ: BNTSbYqtXosdptrmO9bf...
2025-05-28 11:31:07,413 - blog.main.routes - INFO - [VAPID] Запрос публичного ключа
2025-05-28 11:31:07,413 - blog.main.routes - INFO - [VAPID] Возвращаем публичный ключ: BNTSbYqtXosdptrmO9bf...
2025-05-28 11:31:50,902 - blog.main.routes - INFO - [VAPID] Запрос публичного ключа
2025-05-28 11:31:50,902 - blog.main.routes - INFO - [VAPID] Возвращаем публичный ключ: BNTSbYqtXosdptrmO9bf...
2025-05-28 11:34:02,883 - blog.main.routes - INFO - [VAPID] Запрос публичного ключа
2025-05-28 11:34:02,883 - blog.main.routes - INFO - [VAPID] Возвращаем публичный ключ: BNTSbYqtXosdptrmO9bf...
2025-05-28 11:34:05,653 - blog.main.routes - INFO - Пользователь 1 подписался на пуш-уведомления
2025-05-28 11:34:05,924 - blog.main.routes - INFO - Пользователь 1 подписался на пуш-уведомления
2025-05-28 11:34:06,665 - blog.main.routes - INFO - [PUSH_TEST] Запрос тестового уведомления от пользователя 1 (y.varslavan@tez-tour.com)
2025-05-28 11:34:06,666 - blog.main.routes - INFO - [PUSH_TEST][VAPID_CONFIG] Используемый публичный VAPID ключ (ожидается клиентом): BNTSbYqtXosdptrmO9bfxysrYft2H-JsFWqHB8oA0Ex_X6jEDjfF0YndzMPAN9SJP8uhzmZn6g_xdDD17aZaxNc
2025-05-28 11:34:06,666 - blog.main.routes - INFO - [PUSH_TEST][VAPID_CONFIG] VAPID_CLAIMS.sub (email): mailto:y.varslavan@tez-tour.com
2025-05-28 11:34:06,668 - blog.main.routes - INFO - [PUSH_TEST] Найдено 55 активных подписок для пользователя 1.
2025-05-28 11:34:06,668 - blog.main.routes - INFO - [PUSH_TEST] Создан объект NotificationData: {'user_id': 1, 'issue_id': 0, 'type': 'test', 'title': 'Тестовое уведомление 🛠️', 'message': 'Это тестовое push-уведомление для y.varslavan@tez-tour.com от HelpDesk.', 'data': {'url': 'http://localhost:5000/home', 'custom_key': 'test_value', 'icon': 'http://localhost:5000/static/img/push-icon.png'}, 'created_at': '2025-05-28T08:34:06.668127+00:00'}
2025-05-28 11:34:06,733 - blog.main.routes - INFO - [PUSH_TEST] Вызов send_push_notification для пользователя 1 завершен.
2025-05-28 11:34:06,733 - blog.main.routes - INFO - [PUSH_TEST] Тестовые уведомления (предположительно) успешно отправлены для пользователя 1.
2025-05-28 11:34:07,214 - blog.main.routes - INFO - [PUSH_TEST] Запрос тестового уведомления от пользователя 1 (y.varslavan@tez-tour.com)
2025-05-28 11:34:07,215 - blog.main.routes - INFO - [PUSH_TEST][VAPID_CONFIG] Используемый публичный VAPID ключ (ожидается клиентом): BNTSbYqtXosdptrmO9bfxysrYft2H-JsFWqHB8oA0Ex_X6jEDjfF0YndzMPAN9SJP8uhzmZn6g_xdDD17aZaxNc
2025-05-28 11:34:07,215 - blog.main.routes - INFO - [PUSH_TEST][VAPID_CONFIG] VAPID_CLAIMS.sub (email): mailto:y.varslavan@tez-tour.com
2025-05-28 11:34:07,217 - blog.main.routes - INFO - [PUSH_TEST] Найдено 55 активных подписок для пользователя 1.
2025-05-28 11:34:07,217 - blog.main.routes - INFO - [PUSH_TEST] Создан объект NotificationData: {'user_id': 1, 'issue_id': 0, 'type': 'test', 'title': 'Тестовое уведомление 🛠️', 'message': 'Это тестовое push-уведомление для y.varslavan@tez-tour.com от HelpDesk.', 'data': {'url': 'http://localhost:5000/home', 'custom_key': 'test_value', 'icon': 'http://localhost:5000/static/img/push-icon.png'}, 'created_at': '2025-05-28T08:34:07.217733+00:00'}
2025-05-28 11:34:07,251 - blog.main.routes - INFO - [PUSH_TEST] Вызов send_push_notification для пользователя 1 завершен.
2025-05-28 11:34:07,251 - blog.main.routes - INFO - [PUSH_TEST] Тестовые уведомления (предположительно) успешно отправлены для пользователя 1.
2025-05-28 11:34:07,263 - blog.main.routes - INFO - [PUSH_TEST] Запрос тестового уведомления от пользователя 1 (y.varslavan@tez-tour.com)
2025-05-28 11:34:07,263 - blog.main.routes - INFO - [PUSH_TEST][VAPID_CONFIG] Используемый публичный VAPID ключ (ожидается клиентом): BNTSbYqtXosdptrmO9bfxysrYft2H-JsFWqHB8oA0Ex_X6jEDjfF0YndzMPAN9SJP8uhzmZn6g_xdDD17aZaxNc
2025-05-28 11:34:07,264 - blog.main.routes - INFO - [PUSH_TEST][VAPID_CONFIG] VAPID_CLAIMS.sub (email): mailto:y.varslavan@tez-tour.com
2025-05-28 11:34:07,266 - blog.main.routes - INFO - [PUSH_TEST] Найдено 55 активных подписок для пользователя 1.
2025-05-28 11:34:07,266 - blog.main.routes - INFO - [PUSH_TEST] Создан объект NotificationData: {'user_id': 1, 'issue_id': 0, 'type': 'test', 'title': 'Тестовое уведомление 🛠️', 'message': 'Это тестовое push-уведомление для y.varslavan@tez-tour.com от HelpDesk.', 'data': {'url': 'http://localhost:5000/home', 'custom_key': 'test_value', 'icon': 'http://localhost:5000/static/img/push-icon.png'}, 'created_at': '2025-05-28T08:34:07.266735+00:00'}
2025-05-28 11:34:07,298 - blog.main.routes - INFO - [PUSH_TEST] Вызов send_push_notification для пользователя 1 завершен.
2025-05-28 11:34:07,299 - blog.main.routes - INFO - [PUSH_TEST] Тестовые уведомления (предположительно) успешно отправлены для пользователя 1.
2025-05-28 11:34:07,305 - blog.main.routes - INFO - [PUSH_TEST] Запрос тестового уведомления от пользователя 1 (y.varslavan@tez-tour.com)
2025-05-28 11:34:07,306 - blog.main.routes - INFO - [PUSH_TEST][VAPID_CONFIG] Используемый публичный VAPID ключ (ожидается клиентом): BNTSbYqtXosdptrmO9bfxysrYft2H-JsFWqHB8oA0Ex_X6jEDjfF0YndzMPAN9SJP8uhzmZn6g_xdDD17aZaxNc
2025-05-28 11:34:07,306 - blog.main.routes - INFO - [PUSH_TEST][VAPID_CONFIG] VAPID_CLAIMS.sub (email): mailto:y.varslavan@tez-tour.com
2025-05-28 11:34:07,308 - blog.main.routes - INFO - [PUSH_TEST] Найдено 55 активных подписок для пользователя 1.
2025-05-28 11:34:07,308 - blog.main.routes - INFO - [PUSH_TEST] Создан объект NotificationData: {'user_id': 1, 'issue_id': 0, 'type': 'test', 'title': 'Тестовое уведомление 🛠️', 'message': 'Это тестовое push-уведомление для y.varslavan@tez-tour.com от HelpDesk.', 'data': {'url': 'http://localhost:5000/home', 'custom_key': 'test_value', 'icon': 'http://localhost:5000/static/img/push-icon.png'}, 'created_at': '2025-05-28T08:34:07.308209+00:00'}
2025-05-28 11:34:07,340 - blog.main.routes - INFO - [PUSH_TEST] Вызов send_push_notification для пользователя 1 завершен.
2025-05-28 11:34:07,341 - blog.main.routes - INFO - [PUSH_TEST] Тестовые уведомления (предположительно) успешно отправлены для пользователя 1.
2025-05-28 11:40:29,416 - blog.main.routes - INFO - [VAPID] Запрос публичного ключа
2025-05-28 11:40:29,416 - blog.main.routes - INFO - [VAPID] Возвращаем публичный ключ: BNTSbYqtXosdptrmO9bf...
2025-05-28 11:40:31,353 - blog.main.routes - INFO - Пользователь 1 подписался на пуш-уведомления
2025-05-28 11:40:34,647 - blog.main.routes - INFO - Пользователь 1 подписался на пуш-уведомления
2025-05-28 11:40:34,658 - blog.main.routes - INFO - [PUSH_TEST] Запрос тестового уведомления от пользователя 1 (y.varslavan@tez-tour.com)
2025-05-28 11:40:34,658 - blog.main.routes - INFO - [PUSH_TEST][VAPID_CONFIG] Используемый публичный VAPID ключ (ожидается клиентом): BNTSbYqtXosdptrmO9bfxysrYft2H-JsFWqHB8oA0Ex_X6jEDjfF0YndzMPAN9SJP8uhzmZn6g_xdDD17aZaxNc
2025-05-28 11:40:34,659 - blog.main.routes - INFO - [PUSH_TEST][VAPID_CONFIG] VAPID_CLAIMS.sub (email): mailto:y.varslavan@tez-tour.com
2025-05-28 11:40:34,660 - blog.main.routes - INFO - [PUSH_TEST] Найдено 57 активных подписок для пользователя 1.
2025-05-28 11:40:34,661 - blog.main.routes - INFO - [PUSH_TEST] Создан объект NotificationData: {'user_id': 1, 'issue_id': 0, 'type': 'test', 'title': 'Тестовое уведомление 🛠️', 'message': 'Это тестовое push-уведомление для y.varslavan@tez-tour.com от HelpDesk.', 'data': {'url': 'http://localhost:5000/home', 'custom_key': 'test_value', 'icon': 'http://localhost:5000/static/img/push-icon.png'}, 'created_at': '2025-05-28T08:40:34.660973+00:00'}
2025-05-28 11:40:34,690 - blog.main.routes - INFO - [PUSH_TEST] Вызов send_push_notification для пользователя 1 завершен.
2025-05-28 11:40:34,690 - blog.main.routes - INFO - [PUSH_TEST] Тестовые уведомления (предположительно) успешно отправлены для пользователя 1.
2025-05-28 11:40:34,696 - blog.main.routes - INFO - [PUSH_TEST] Запрос тестового уведомления от пользователя 1 (y.varslavan@tez-tour.com)
2025-05-28 11:40:34,696 - blog.main.routes - INFO - [PUSH_TEST][VAPID_CONFIG] Используемый публичный VAPID ключ (ожидается клиентом): BNTSbYqtXosdptrmO9bfxysrYft2H-JsFWqHB8oA0Ex_X6jEDjfF0YndzMPAN9SJP8uhzmZn6g_xdDD17aZaxNc
2025-05-28 11:40:34,697 - blog.main.routes - INFO - [PUSH_TEST][VAPID_CONFIG] VAPID_CLAIMS.sub (email): mailto:y.varslavan@tez-tour.com
2025-05-28 11:40:34,698 - blog.main.routes - INFO - [PUSH_TEST] Найдено 57 активных подписок для пользователя 1.
2025-05-28 11:40:34,698 - blog.main.routes - INFO - [PUSH_TEST] Создан объект NotificationData: {'user_id': 1, 'issue_id': 0, 'type': 'test', 'title': 'Тестовое уведомление 🛠️', 'message': 'Это тестовое push-уведомление для y.varslavan@tez-tour.com от HelpDesk.', 'data': {'url': 'http://localhost:5000/home', 'custom_key': 'test_value', 'icon': 'http://localhost:5000/static/img/push-icon.png'}, 'created_at': '2025-05-28T08:40:34.698566+00:00'}
2025-05-28 11:40:34,729 - blog.main.routes - INFO - [PUSH_TEST] Вызов send_push_notification для пользователя 1 завершен.
2025-05-28 11:40:34,730 - blog.main.routes - INFO - [PUSH_TEST] Тестовые уведомления (предположительно) успешно отправлены для пользователя 1.
2025-05-28 11:40:34,736 - blog.main.routes - INFO - [PUSH_TEST] Запрос тестового уведомления от пользователя 1 (y.varslavan@tez-tour.com)
2025-05-28 11:40:34,736 - blog.main.routes - INFO - [PUSH_TEST][VAPID_CONFIG] Используемый публичный VAPID ключ (ожидается клиентом): BNTSbYqtXosdptrmO9bfxysrYft2H-JsFWqHB8oA0Ex_X6jEDjfF0YndzMPAN9SJP8uhzmZn6g_xdDD17aZaxNc
2025-05-28 11:40:34,737 - blog.main.routes - INFO - [PUSH_TEST][VAPID_CONFIG] VAPID_CLAIMS.sub (email): mailto:y.varslavan@tez-tour.com
2025-05-28 11:40:34,738 - blog.main.routes - INFO - [PUSH_TEST] Найдено 57 активных подписок для пользователя 1.
2025-05-28 11:40:34,738 - blog.main.routes - INFO - [PUSH_TEST] Создан объект NotificationData: {'user_id': 1, 'issue_id': 0, 'type': 'test', 'title': 'Тестовое уведомление 🛠️', 'message': 'Это тестовое push-уведомление для y.varslavan@tez-tour.com от HelpDesk.', 'data': {'url': 'http://localhost:5000/home', 'custom_key': 'test_value', 'icon': 'http://localhost:5000/static/img/push-icon.png'}, 'created_at': '2025-05-28T08:40:34.738565+00:00'}
2025-05-28 11:40:34,769 - blog.main.routes - INFO - [PUSH_TEST] Вызов send_push_notification для пользователя 1 завершен.
2025-05-28 11:40:34,769 - blog.main.routes - INFO - [PUSH_TEST] Тестовые уведомления (предположительно) успешно отправлены для пользователя 1.
2025-05-28 11:40:36,247 - blog.main.routes - INFO - [PUSH_TEST] Запрос тестового уведомления от пользователя 1 (y.varslavan@tez-tour.com)
2025-05-28 11:40:36,247 - blog.main.routes - INFO - [PUSH_TEST][VAPID_CONFIG] Используемый публичный VAPID ключ (ожидается клиентом): BNTSbYqtXosdptrmO9bfxysrYft2H-JsFWqHB8oA0Ex_X6jEDjfF0YndzMPAN9SJP8uhzmZn6g_xdDD17aZaxNc
2025-05-28 11:40:36,248 - blog.main.routes - INFO - [PUSH_TEST][VAPID_CONFIG] VAPID_CLAIMS.sub (email): mailto:y.varslavan@tez-tour.com
2025-05-28 11:40:36,249 - blog.main.routes - INFO - [PUSH_TEST] Найдено 57 активных подписок для пользователя 1.
2025-05-28 11:40:36,249 - blog.main.routes - INFO - [PUSH_TEST] Создан объект NotificationData: {'user_id': 1, 'issue_id': 0, 'type': 'test', 'title': 'Тестовое уведомление 🛠️', 'message': 'Это тестовое push-уведомление для y.varslavan@tez-tour.com от HelpDesk.', 'data': {'url': 'http://localhost:5000/home', 'custom_key': 'test_value', 'icon': 'http://localhost:5000/static/img/push-icon.png'}, 'created_at': '2025-05-28T08:40:36.249925+00:00'}
2025-05-28 11:40:36,278 - blog.main.routes - INFO - [PUSH_TEST] Вызов send_push_notification для пользователя 1 завершен.
2025-05-28 11:40:36,278 - blog.main.routes - INFO - [PUSH_TEST] Тестовые уведомления (предположительно) успешно отправлены для пользователя 1.
2025-05-28 11:46:39,930 - blog.main.routes - INFO - [VAPID] Запрос публичного ключа
2025-05-28 11:46:39,930 - blog.main.routes - INFO - [VAPID] Возвращаем публичный ключ: BNTSbYqtXosdptrmO9bf...
